<?xml version="1.0" encoding="UTF-8"?>
<!-- Generated by org.testng.reporters.JUnitReportReporter -->
<testsuite hostname="DIN16004877" name="bank.bank_testscript1" tests="1" failures="0" timestamp="14 Sep 2016 08:09:12 GMT" time="19.030" errors="0">
  <testcase name="f" time="19.030" classname="bank.bank_testscript1"/>
</testsuite> <!-- bank.bank_testscript1 -->
