<?xml version="1.0" encoding="UTF-8"?>
<!-- Generated by org.testng.reporters.JUnitReportReporter -->
<testsuite hostname="DIN16004877" name="bank_testscript2.bank_testscript2" tests="1" failures="0" timestamp="14 Sep 2016 12:32:21 GMT" time="1.908" errors="0">
  <testcase name="f" time="1.908" classname="bank_testscript2.bank_testscript2"/>
</testsuite> <!-- bank_testscript2.bank_testscript2 -->
