<?xml version="1.0" encoding="UTF-8"?>
<!-- Generated by org.testng.reporters.JUnitReportReporter -->
<testsuite hostname="DIN16004877" name="useproperties.useproperties" tests="3" failures="0" timestamp="6 Sep 2016 06:56:29 GMT" time="11.376" errors="0">
  <testcase name="f" time="11.370" classname="useproperties.useproperties"/>
  <testcase name="second" time="0.005" classname="useproperties.useproperties"/>
  <testcase name="third" time="0.001" classname="useproperties.useproperties"/>
</testsuite> <!-- useproperties.useproperties -->
