<?xml version="1.0" encoding="UTF-8"?>
<!-- Generated by org.testng.reporters.JUnitReportReporter -->
<testsuite hostname="DIN16004877" name="demo1.demo1" tests="3" failures="0" timestamp="20 Sep 2016 09:42:47 GMT" time="14.156" errors="0">
  <testcase name="f1" time="14.140" classname="demo1.demo1"/>
  <testcase name="f3" time="0.010" classname="demo1.demo1"/>
  <testcase name="f2" time="0.006" classname="demo1.demo1"/>
</testsuite> <!-- demo1.demo1 -->
