<?xml version="1.0" encoding="UTF-8"?>
<!-- Generated by org.testng.reporters.JUnitReportReporter -->
<testsuite hostname="DIN16004877" name="test1.test" tests="1" failures="0" timestamp="2 Sep 2016 09:28:40 GMT" time="12.261" errors="0">
  <testcase name="f" time="12.261" classname="test1.test"/>
</testsuite> <!-- test1.test -->
