<?xml version="1.0" encoding="UTF-8"?>
<!-- Generated by org.testng.reporters.JUnitReportReporter -->
<testsuite hostname="DIN16004877" name="poi.poiuse" tests="1" failures="0" timestamp="6 Sep 2016 06:53:48 GMT" time="0.485" errors="0">
  <testcase name="f" time="0.485" classname="poi.poiuse"/>
</testsuite> <!-- poi.poiuse -->
